<?xml version="1.0" encoding="UTF-8"?>
<testsuite xmlns:xsi="http://www.w3.org/2001/XMLSchema-instance" xsi:noNamespaceSchemaLocation="https://maven.apache.org/surefire/maven-surefire-plugin/xsd/surefire-test-report.xsd" version="3.0.2" name="TestSuite" time="86.627" tests="22" errors="0" skipped="0" failures="0">
  <properties>
[...]
</properties>
  <testcase name="loginPanelShouldBeVisibleByDefault" classname="com.cenfotec.e2e.tests.AuthPageTest" time="0.033">
    <system-out><![CDATA[
==========================================
INICIANDO SUITE: Surefire test
==========================================

▶ Ejecutando: loginPanelShouldBeVisibleByDefault
]]></system-out>
    <system-err><![CDATA[SLF4J(W): No SLF4J providers were found.
SLF4J(W): Defaulting to no-operation (NOP) logger implementation
SLF4J(W): See https://www.slf4j.org/codes.html#noProviders for further details.
ago. 10, 2026 8:50:58 P. M. org.openqa.selenium.devtools.CdpVersionFinder findNearestMatch
ADVERTENCIA: Unable to find an exact match for CDP version 151, returning the closest version; found: 150; Please update to a Selenium version that supports CDP version 151
]]></system-err>
  </testcase>
  <testcase name="shouldLoginWithValidCredentials" classname="com.cenfotec.e2e.tests.AuthPageTest" time="2.309">
    <system-out><![CDATA[✓ PASÓ: loginPanelShouldBeVisibleByDefault
▶ Ejecutando: shouldLoginWithValidCredentials
]]></system-out>
    <system-err><![CDATA[ago. 10, 2026 8:51:02 P. M. org.openqa.selenium.devtools.CdpVersionFinder findNearestMatch
ADVERTENCIA: Unable to find an exact match for CDP version 151, returning the closest version; found: 150; Please update to a Selenium version that supports CDP version 151
]]></system-err>
  </testcase>
  <testcase name="shouldOpenRegisterTab" classname="com.cenfotec.e2e.tests.AuthPageTest" time="0.061">
    <system-out><![CDATA[✓ PASÓ: shouldLoginWithValidCredentials
▶ Ejecutando: shouldOpenRegisterTab
]]></system-out>
    <system-err><![CDATA[ago. 10, 2026 8:51:07 P. M. org.openqa.selenium.devtools.CdpVersionFinder findNearestMatch
ADVERTENCIA: Unable to find an exact match for CDP version 151, returning the closest version; found: 150; Please update to a Selenium version that supports CDP version 151
]]></system-err>
  </testcase>
  <testcase name="shouldRegisterNewUser" classname="com.cenfotec.e2e.tests.AuthPageTest" time="0.507">
    <system-out><![CDATA[✓ PASÓ: shouldOpenRegisterTab
▶ Ejecutando: shouldRegisterNewUser
]]></system-out>
    <system-err><![CDATA[ago. 10, 2026 8:51:11 P. M. org.openqa.selenium.devtools.CdpVersionFinder findNearestMatch
ADVERTENCIA: Unable to find an exact match for CDP version 151, returning the closest version; found: 150; Please update to a Selenium version that supports CDP version 151
]]></system-err>
  </testcase>
  <testcase name="shouldRejectInvalidLogin" classname="com.cenfotec.e2e.tests.AuthPageTest" time="0.185">
    <system-out><![CDATA[✓ PASÓ: shouldRegisterNewUser
▶ Ejecutando: shouldRejectInvalidLogin
]]></system-out>
    <system-err><![CDATA[ago. 10, 2026 8:51:15 P. M. org.openqa.selenium.devtools.CdpVersionFinder findNearestMatch
ADVERTENCIA: Unable to find an exact match for CDP version 151, returning the closest version; found: 150; Please update to a Selenium version that supports CDP version 151
]]></system-err>
  </testcase>
  <testcase name="shouldToggleLoginPasswordVisibility" classname="com.cenfotec.e2e.tests.AuthPageTest" time="0.059">
    <system-out><![CDATA[✓ PASÓ: shouldRejectInvalidLogin
▶ Ejecutando: shouldToggleLoginPasswordVisibility
]]></system-out>
    <system-err><![CDATA[ago. 10, 2026 8:51:19 P. M. org.openqa.selenium.devtools.CdpVersionFinder findNearestMatch
ADVERTENCIA: Unable to find an exact match for CDP version 151, returning the closest version; found: 150; Please update to a Selenium version that supports CDP version 151
]]></system-err>
  </testcase>
  <testcase name="checkoutShouldCompletePurchase" classname="com.cenfotec.e2e.tests.CartPageTest" time="1.313">
    <system-out><![CDATA[✓ PASÓ: shouldToggleLoginPasswordVisibility
▶ Ejecutando: checkoutShouldCompletePurchase
]]></system-out>
    <system-err><![CDATA[ago. 10, 2026 8:51:22 P. M. org.openqa.selenium.devtools.CdpVersionFinder findNearestMatch
ADVERTENCIA: Unable to find an exact match for CDP version 151, returning the closest version; found: 150; Please update to a Selenium version that supports CDP version 151
]]></system-err>
  </testcase>
  <testcase name="chromeShouldOpenTeknovation" classname="com.cenfotec.e2e.tests.ChromeTest" time="0.682">
    <system-out><![CDATA[✓ PASÓ: checkoutShouldCompletePurchase
▶ Ejecutando: chromeShouldOpenTeknovation
]]></system-out>
    <system-err><![CDATA[ago. 10, 2026 8:51:26 P. M. org.openqa.selenium.devtools.CdpVersionFinder findNearestMatch
ADVERTENCIA: Unable to find an exact match for CDP version 151, returning the closest version; found: 150; Please update to a Selenium version that supports CDP version 151
]]></system-err>
  </testcase>
  <testcase name="favoritesShouldOpen" classname="com.cenfotec.e2e.tests.HomePageTest" time="0.074">
    <system-out><![CDATA[✓ PASÓ: chromeShouldOpenTeknovation
▶ Ejecutando: favoritesShouldOpen
]]></system-out>
    <system-err><![CDATA[ago. 10, 2026 8:51:30 P. M. org.openqa.selenium.devtools.CdpVersionFinder findNearestMatch
ADVERTENCIA: Unable to find an exact match for CDP version 151, returning the closest version; found: 150; Please update to a Selenium version that supports CDP version 151
]]></system-err>
  </testcase>
  <testcase name="heroShouldBeVisible" classname="com.cenfotec.e2e.tests.HomePageTest" time="0.026">
    <system-out><![CDATA[✓ PASÓ: favoritesShouldOpen
▶ Ejecutando: heroShouldBeVisible
]]></system-out>
    <system-err><![CDATA[ago. 10, 2026 8:51:34 P. M. org.openqa.selenium.devtools.CdpVersionFinder findNearestMatch
ADVERTENCIA: Unable to find an exact match for CDP version 151, returning the closest version; found: 150; Please update to a Selenium version that supports CDP version 151
]]></system-err>
  </testcase>
  <testcase name="homePageShouldLoad" classname="com.cenfotec.e2e.tests.HomePageTest" time="0.02">
    <system-out><![CDATA[✓ PASÓ: heroShouldBeVisible
▶ Ejecutando: homePageShouldLoad
]]></system-out>
    <system-err><![CDATA[ago. 10, 2026 8:51:37 P. M. org.openqa.selenium.devtools.CdpVersionFinder findNearestMatch
ADVERTENCIA: Unable to find an exact match for CDP version 151, returning the closest version; found: 150; Please update to a Selenium version that supports CDP version 151
]]></system-err>
  </testcase>
  <testcase name="searchShouldFindProduct" classname="com.cenfotec.e2e.tests.HomePageTest" time="0.136">
    <system-out><![CDATA[✓ PASÓ: homePageShouldLoad
▶ Ejecutando: searchShouldFindProduct
]]></system-out>
    <system-err><![CDATA[ago. 10, 2026 8:51:41 P. M. org.openqa.selenium.devtools.CdpVersionFinder findNearestMatch
ADVERTENCIA: Unable to find an exact match for CDP version 151, returning the closest version; found: 150; Please update to a Selenium version that supports CDP version 151
]]></system-err>
  </testcase>
  <testcase name="shopNavigationShouldWork" classname="com.cenfotec.e2e.tests.HomePageTest" time="0.117">
    <system-out><![CDATA[✓ PASÓ: searchShouldFindProduct
▶ Ejecutando: shopNavigationShouldWork
]]></system-out>
    <system-err><![CDATA[ago. 10, 2026 8:51:44 P. M. org.openqa.selenium.devtools.CdpVersionFinder findNearestMatch
ADVERTENCIA: Unable to find an exact match for CDP version 151, returning the closest version; found: 150; Please update to a Selenium version that supports CDP version 151
]]></system-err>
  </testcase>
  <testcase name="addToCartShouldUpdateHeader" classname="com.cenfotec.e2e.tests.ProductPageTest" time="0.075">
    <system-out><![CDATA[✓ PASÓ: shopNavigationShouldWork
▶ Ejecutando: addToCartShouldUpdateHeader
]]></system-out>
    <system-err><![CDATA[ago. 10, 2026 8:51:49 P. M. org.openqa.selenium.devtools.CdpVersionFinder findNearestMatch
ADVERTENCIA: Unable to find an exact match for CDP version 151, returning the closest version; found: 150; Please update to a Selenium version that supports CDP version 151
]]></system-err>
  </testcase>
  <testcase name="productShouldLoad" classname="com.cenfotec.e2e.tests.ProductPageTest" time="0.057">
    <system-out><![CDATA[✓ PASÓ: addToCartShouldUpdateHeader
▶ Ejecutando: productShouldLoad
]]></system-out>
    <system-err><![CDATA[ago. 10, 2026 8:51:53 P. M. org.openqa.selenium.devtools.CdpVersionFinder findNearestMatch
ADVERTENCIA: Unable to find an exact match for CDP version 151, returning the closest version; found: 150; Please update to a Selenium version that supports CDP version 151
]]></system-err>
  </testcase>
  <testcase name="quantityShouldIncrease" classname="com.cenfotec.e2e.tests.ProductPageTest" time="0.073">
    <system-out><![CDATA[✓ PASÓ: productShouldLoad
▶ Ejecutando: quantityShouldIncrease
]]></system-out>
    <system-err><![CDATA[ago. 10, 2026 8:51:57 P. M. org.openqa.selenium.devtools.CdpVersionFinder findNearestMatch
ADVERTENCIA: Unable to find an exact match for CDP version 151, returning the closest version; found: 150; Please update to a Selenium version that supports CDP version 151
]]></system-err>
  </testcase>
  <testcase name="shopShouldDisplayProducts" classname="com.cenfotec.e2e.tests.ShopPageTest" time="0.021">
    <system-out><![CDATA[✓ PASÓ: quantityShouldIncrease
▶ Ejecutando: shopShouldDisplayProducts
]]></system-out>
    <system-err><![CDATA[ago. 10, 2026 8:52:02 P. M. org.openqa.selenium.devtools.CdpVersionFinder findNearestMatch
ADVERTENCIA: Unable to find an exact match for CDP version 151, returning the closest version; found: 150; Please update to a Selenium version that supports CDP version 151
]]></system-err>
  </testcase>
  <testcase name="shouldAddFavorite" classname="com.cenfotec.e2e.tests.ShopPageTest" time="0.073">
    <system-out><![CDATA[✓ PASÓ: shopShouldDisplayProducts
▶ Ejecutando: shouldAddFavorite
]]></system-out>
    <system-err><![CDATA[ago. 10, 2026 8:52:06 P. M. org.openqa.selenium.devtools.CdpVersionFinder findNearestMatch
ADVERTENCIA: Unable to find an exact match for CDP version 151, returning the closest version; found: 150; Please update to a Selenium version that supports CDP version 151
]]></system-err>
  </testcase>
  <testcase name="shouldAddProductToCart" classname="com.cenfotec.e2e.tests.ShopPageTest" time="0.077">
    <system-out><![CDATA[✓ PASÓ: shouldAddFavorite
▶ Ejecutando: shouldAddProductToCart
]]></system-out>
    <system-err><![CDATA[ago. 10, 2026 8:52:09 P. M. org.openqa.selenium.devtools.CdpVersionFinder findNearestMatch
ADVERTENCIA: Unable to find an exact match for CDP version 151, returning the closest version; found: 150; Please update to a Selenium version that supports CDP version 151
]]></system-err>
  </testcase>
  <testcase name="shouldOpenSpecificProduct" classname="com.cenfotec.e2e.tests.ShopPageTest" time="0.116">
    <system-out><![CDATA[✓ PASÓ: shouldAddProductToCart
▶ Ejecutando: shouldOpenSpecificProduct
]]></system-out>
    <system-err><![CDATA[ago. 10, 2026 8:52:13 P. M. org.openqa.selenium.devtools.CdpVersionFinder findNearestMatch
ADVERTENCIA: Unable to find an exact match for CDP version 151, returning the closest version; found: 150; Please update to a Selenium version that supports CDP version 151
]]></system-err>
  </testcase>
  <testcase name="sortingByPriceShouldWork" classname="com.cenfotec.e2e.tests.ShopPageTest" time="0.084">
    <system-out><![CDATA[✓ PASÓ: shouldOpenSpecificProduct
▶ Ejecutando: sortingByPriceShouldWork
]]></system-out>
    <system-err><![CDATA[ago. 10, 2026 8:52:16 P. M. org.openqa.selenium.devtools.CdpVersionFinder findNearestMatch
ADVERTENCIA: Unable to find an exact match for CDP version 151, returning the closest version; found: 150; Please update to a Selenium version that supports CDP version 151
]]></system-err>
  </testcase>
  <testcase name="wirelessFilterShouldWork" classname="com.cenfotec.e2e.tests.ShopPageTest" time="0.072">
    <system-out><![CDATA[✓ PASÓ: sortingByPriceShouldWork
▶ Ejecutando: wirelessFilterShouldWork
]]></system-out>
    <system-err><![CDATA[ago. 10, 2026 8:52:20 P. M. org.openqa.selenium.devtools.CdpVersionFinder findNearestMatch
ADVERTENCIA: Unable to find an exact match for CDP version 151, returning the closest version; found: 150; Please update to a Selenium version that supports CDP version 151
]]></system-err>
  </testcase>
</testsuite>