<?xml version="1.0" encoding="UTF-8"?>
<testng-results ignored="0" total="1" passed="1" failed="0" skipped="0">
  <reporter-output>
  </reporter-output>
  <suite started-at="2026-08-10T16:02:27 CST" name="Surefire suite" finished-at="2026-08-10T16:02:29 CST" duration-ms="1891">
    <groups>
    </groups>
    <test started-at="2026-08-10T16:02:27 CST" name="Surefire test" finished-at="2026-08-10T16:02:29 CST" duration-ms="1891">
      <class name="com.cenfotec.e2e.ChromeTest">
        <test-method signature="abrirChrome()[pri:0, instance:com.cenfotec.e2e.ChromeTest@d706f19]" started-at="2026-08-10T16:02:27 CST" name="abrirChrome" finished-at="2026-08-10T16:02:29 CST" duration-ms="1865" status="PASS">
          <reporter-output>
          </reporter-output>
        </test-method> <!-- abrirChrome -->
      </class> <!-- com.cenfotec.e2e.ChromeTest -->
    </test> <!-- Surefire test -->
  </suite> <!-- Surefire suite -->
</testng-results>
