<?xml version="1.0" encoding="UTF-8"?>
<testng-results ignored="0" total="18" passed="18" failed="0" skipped="0">
  <reporter-output>
  </reporter-output>
  <suite started-at="2026-08-10T17:35:05 CST" name="Surefire suite" finished-at="2026-08-10T17:36:01 CST" duration-ms="56180">
    <groups>
    </groups>
    <test started-at="2026-08-10T17:35:05 CST" name="Surefire test" finished-at="2026-08-10T17:36:01 CST" duration-ms="56180">
      <class name="com.cenfotec.e2e.tests.HomePageTest">
        <test-method is-config="true" signature="setUp()[pri:0, instance:com.cenfotec.e2e.tests.HomePageTest@6a28ffa4]" started-at="2026-08-10T17:35:33 CST" name="setUp" finished-at="2026-08-10T17:35:33 CST" duration-ms="665" status="PASS">
          <reporter-output>
          </reporter-output>
        </test-method> <!-- setUp -->
        <test-method signature="abrirProductoDestacado()[pri:0, instance:com.cenfotec.e2e.tests.HomePageTest@6a28ffa4]" started-at="2026-08-10T17:35:33 CST" name="abrirProductoDestacado" finished-at="2026-08-10T17:35:34 CST" duration-ms="725" status="PASS">
          <reporter-output>
          </reporter-output>
        </test-method> <!-- abrirProductoDestacado -->
        <test-method is-config="true" signature="tearDown()[pri:0, instance:com.cenfotec.e2e.tests.HomePageTest@6a28ffa4]" started-at="2026-08-10T17:35:34 CST" name="tearDown" finished-at="2026-08-10T17:35:36 CST" duration-ms="1633" status="PASS">
          <reporter-output>
          </reporter-output>
        </test-method> <!-- tearDown -->
        <test-method is-config="true" signature="setUp()[pri:0, instance:com.cenfotec.e2e.tests.HomePageTest@6a28ffa4]" started-at="2026-08-10T17:35:36 CST" name="setUp" finished-at="2026-08-10T17:35:36 CST" duration-ms="674" status="PASS">
          <reporter-output>
          </reporter-output>
        </test-method> <!-- setUp -->
        <test-method signature="navegarACategoriaMice()[pri:0, instance:com.cenfotec.e2e.tests.HomePageTest@6a28ffa4]" started-at="2026-08-10T17:35:36 CST" name="navegarACategoriaMice" finished-at="2026-08-10T17:35:37 CST" duration-ms="780" status="PASS">
          <reporter-output>
          </reporter-output>
        </test-method> <!-- navegarACategoriaMice -->
        <test-method is-config="true" signature="tearDown()[pri:0, instance:com.cenfotec.e2e.tests.HomePageTest@6a28ffa4]" started-at="2026-08-10T17:35:37 CST" name="tearDown" finished-at="2026-08-10T17:35:39 CST" duration-ms="1633" status="PASS">
          <reporter-output>
          </reporter-output>
        </test-method> <!-- tearDown -->
        <test-method is-config="true" signature="setUp()[pri:0, instance:com.cenfotec.e2e.tests.HomePageTest@6a28ffa4]" started-at="2026-08-10T17:35:39 CST" name="setUp" finished-at="2026-08-10T17:35:39 CST" duration-ms="648" status="PASS">
          <reporter-output>
          </reporter-output>
        </test-method> <!-- setUp -->
        <test-method signature="navegarATienda()[pri:0, instance:com.cenfotec.e2e.tests.HomePageTest@6a28ffa4]" started-at="2026-08-10T17:35:39 CST" name="navegarATienda" finished-at="2026-08-10T17:35:40 CST" duration-ms="723" status="PASS">
          <reporter-output>
          </reporter-output>
        </test-method> <!-- navegarATienda -->
        <test-method is-config="true" signature="tearDown()[pri:0, instance:com.cenfotec.e2e.tests.HomePageTest@6a28ffa4]" started-at="2026-08-10T17:35:40 CST" name="tearDown" finished-at="2026-08-10T17:35:42 CST" duration-ms="1654" status="PASS">
          <reporter-output>
          </reporter-output>
        </test-method> <!-- tearDown -->
      </class> <!-- com.cenfotec.e2e.tests.HomePageTest -->
      <class name="com.cenfotec.e2e.tests.ProductPageTest">
        <test-method is-config="true" signature="setUp()[pri:0, instance:com.cenfotec.e2e.tests.ProductPageTest@48ae9b55]" started-at="2026-08-10T17:35:42 CST" name="setUp" finished-at="2026-08-10T17:35:42 CST" duration-ms="648" status="PASS">
          <reporter-output>
          </reporter-output>
        </test-method> <!-- setUp -->
        <test-method signature="incrementarCantidadProducto()[pri:0, instance:com.cenfotec.e2e.tests.ProductPageTest@48ae9b55]" started-at="2026-08-10T17:35:42 CST" name="incrementarCantidadProducto" finished-at="2026-08-10T17:35:43 CST" duration-ms="688" status="PASS">
          <reporter-output>
          </reporter-output>
        </test-method> <!-- incrementarCantidadProducto -->
        <test-method is-config="true" signature="tearDown()[pri:0, instance:com.cenfotec.e2e.tests.ProductPageTest@48ae9b55]" started-at="2026-08-10T17:35:43 CST" name="tearDown" finished-at="2026-08-10T17:35:45 CST" duration-ms="1668" status="PASS">
          <reporter-output>
          </reporter-output>
        </test-method> <!-- tearDown -->
        <test-method is-config="true" signature="setUp()[pri:0, instance:com.cenfotec.e2e.tests.ProductPageTest@48ae9b55]" started-at="2026-08-10T17:35:45 CST" name="setUp" finished-at="2026-08-10T17:35:45 CST" duration-ms="662" status="PASS">
          <reporter-output>
          </reporter-output>
        </test-method> <!-- setUp -->
        <test-method signature="seleccionarColorBlanco()[pri:0, instance:com.cenfotec.e2e.tests.ProductPageTest@48ae9b55]" started-at="2026-08-10T17:35:45 CST" name="seleccionarColorBlanco" finished-at="2026-08-10T17:35:46 CST" duration-ms="682" status="PASS">
          <reporter-output>
          </reporter-output>
        </test-method> <!-- seleccionarColorBlanco -->
        <test-method is-config="true" signature="tearDown()[pri:0, instance:com.cenfotec.e2e.tests.ProductPageTest@48ae9b55]" started-at="2026-08-10T17:35:46 CST" name="tearDown" finished-at="2026-08-10T17:35:48 CST" duration-ms="1651" status="PASS">
          <reporter-output>
          </reporter-output>
        </test-method> <!-- tearDown -->
        <test-method is-config="true" signature="setUp()[pri:0, instance:com.cenfotec.e2e.tests.ProductPageTest@48ae9b55]" started-at="2026-08-10T17:35:48 CST" name="setUp" finished-at="2026-08-10T17:35:48 CST" duration-ms="665" status="PASS">
          <reporter-output>
          </reporter-output>
        </test-method> <!-- setUp -->
        <test-method signature="validarInformacionDelProducto()[pri:0, instance:com.cenfotec.e2e.tests.ProductPageTest@48ae9b55]" started-at="2026-08-10T17:35:48 CST" name="validarInformacionDelProducto" finished-at="2026-08-10T17:35:49 CST" duration-ms="656" status="PASS">
          <reporter-output>
          </reporter-output>
        </test-method> <!-- validarInformacionDelProducto -->
        <test-method is-config="true" signature="tearDown()[pri:0, instance:com.cenfotec.e2e.tests.ProductPageTest@48ae9b55]" started-at="2026-08-10T17:35:49 CST" name="tearDown" finished-at="2026-08-10T17:35:51 CST" duration-ms="1630" status="PASS">
          <reporter-output>
          </reporter-output>
        </test-method> <!-- tearDown -->
      </class> <!-- com.cenfotec.e2e.tests.ProductPageTest -->
      <class name="com.cenfotec.e2e.tests.CartPageTest">
        <test-method is-config="true" signature="setUp()[pri:0, instance:com.cenfotec.e2e.tests.CartPageTest@63355449]" started-at="2026-08-10T17:35:21 CST" name="setUp" finished-at="2026-08-10T17:35:21 CST" duration-ms="675" status="PASS">
          <reporter-output>
          </reporter-output>
        </test-method> <!-- setUp -->
        <test-method signature="navegarDesdeCarritoATienda()[pri:0, instance:com.cenfotec.e2e.tests.CartPageTest@63355449]" started-at="2026-08-10T17:35:21 CST" name="navegarDesdeCarritoATienda" finished-at="2026-08-10T17:35:22 CST" duration-ms="704" status="PASS">
          <reporter-output>
          </reporter-output>
        </test-method> <!-- navegarDesdeCarritoATienda -->
        <test-method is-config="true" signature="tearDown()[pri:0, instance:com.cenfotec.e2e.tests.CartPageTest@63355449]" started-at="2026-08-10T17:35:22 CST" name="tearDown" finished-at="2026-08-10T17:35:24 CST" duration-ms="1681" status="PASS">
          <reporter-output>
          </reporter-output>
        </test-method> <!-- tearDown -->
        <test-method is-config="true" signature="setUp()[pri:0, instance:com.cenfotec.e2e.tests.CartPageTest@63355449]" started-at="2026-08-10T17:35:24 CST" name="setUp" finished-at="2026-08-10T17:35:24 CST" duration-ms="663" status="PASS">
          <reporter-output>
          </reporter-output>
        </test-method> <!-- setUp -->
        <test-method signature="validarCarritoVacio()[pri:0, instance:com.cenfotec.e2e.tests.CartPageTest@63355449]" started-at="2026-08-10T17:35:24 CST" name="validarCarritoVacio" finished-at="2026-08-10T17:35:25 CST" duration-ms="629" status="PASS">
          <reporter-output>
          </reporter-output>
        </test-method> <!-- validarCarritoVacio -->
        <test-method is-config="true" signature="tearDown()[pri:0, instance:com.cenfotec.e2e.tests.CartPageTest@63355449]" started-at="2026-08-10T17:35:25 CST" name="tearDown" finished-at="2026-08-10T17:35:27 CST" duration-ms="1635" status="PASS">
          <reporter-output>
          </reporter-output>
        </test-method> <!-- tearDown -->
        <test-method is-config="true" signature="setUp()[pri:0, instance:com.cenfotec.e2e.tests.CartPageTest@63355449]" started-at="2026-08-10T17:35:27 CST" name="setUp" finished-at="2026-08-10T17:35:27 CST" duration-ms="693" status="PASS">
          <reporter-output>
          </reporter-output>
        </test-method> <!-- setUp -->
        <test-method signature="validarMensajeCarritoVacio()[pri:0, instance:com.cenfotec.e2e.tests.CartPageTest@63355449]" started-at="2026-08-10T17:35:27 CST" name="validarMensajeCarritoVacio" finished-at="2026-08-10T17:35:28 CST" duration-ms="634" status="PASS">
          <reporter-output>
          </reporter-output>
        </test-method> <!-- validarMensajeCarritoVacio -->
        <test-method is-config="true" signature="tearDown()[pri:0, instance:com.cenfotec.e2e.tests.CartPageTest@63355449]" started-at="2026-08-10T17:35:28 CST" name="tearDown" finished-at="2026-08-10T17:35:30 CST" duration-ms="1673" status="PASS">
          <reporter-output>
          </reporter-output>
        </test-method> <!-- tearDown -->
      </class> <!-- com.cenfotec.e2e.tests.CartPageTest -->
      <class name="com.cenfotec.e2e.tests.AuthPageTest">
        <test-method is-config="true" signature="setUp()[pri:0, instance:com.cenfotec.e2e.tests.AuthPageTest@7e0b85f9]" started-at="2026-08-10T17:35:05 CST" name="setUp" finished-at="2026-08-10T17:35:06 CST" duration-ms="1049" status="PASS">
          <reporter-output>
          </reporter-output>
        </test-method> <!-- setUp -->
        <test-method signature="cambiarARegistro()[pri:0, instance:com.cenfotec.e2e.tests.AuthPageTest@7e0b85f9]" started-at="2026-08-10T17:35:06 CST" name="cambiarARegistro" finished-at="2026-08-10T17:35:07 CST" duration-ms="723" status="PASS">
          <reporter-output>
          </reporter-output>
        </test-method> <!-- cambiarARegistro -->
        <test-method is-config="true" signature="tearDown()[pri:0, instance:com.cenfotec.e2e.tests.AuthPageTest@7e0b85f9]" started-at="2026-08-10T17:35:07 CST" name="tearDown" finished-at="2026-08-10T17:35:08 CST" duration-ms="1660" status="PASS">
          <reporter-output>
          </reporter-output>
        </test-method> <!-- tearDown -->
        <test-method is-config="true" signature="setUp()[pri:0, instance:com.cenfotec.e2e.tests.AuthPageTest@7e0b85f9]" started-at="2026-08-10T17:35:08 CST" name="setUp" finished-at="2026-08-10T17:35:09 CST" duration-ms="664" status="PASS">
          <reporter-output>
          </reporter-output>
        </test-method> <!-- setUp -->
        <test-method signature="loginConCredencialesInvalidas(java.lang.String,java.lang.String)[pri:0, instance:com.cenfotec.e2e.tests.AuthPageTest@7e0b85f9]" started-at="2026-08-10T17:35:09 CST" name="loginConCredencialesInvalidas" data-provider="loginData" finished-at="2026-08-10T17:35:10 CST" duration-ms="819" status="PASS">
          <params>
            <param index="0">
              <value>
                <![CDATA[usuario@incorrecto.com]]>
              </value>
            </param>
            <param index="1">
              <value>
                <![CDATA[123456]]>
              </value>
            </param>
          </params>
          <reporter-output>
          </reporter-output>
        </test-method> <!-- loginConCredencialesInvalidas -->
        <test-method is-config="true" signature="tearDown()[pri:0, instance:com.cenfotec.e2e.tests.AuthPageTest@7e0b85f9]" started-at="2026-08-10T17:35:10 CST" name="tearDown" finished-at="2026-08-10T17:35:11 CST" duration-ms="1677" status="PASS">
          <reporter-output>
          </reporter-output>
        </test-method> <!-- tearDown -->
        <test-method is-config="true" signature="setUp()[pri:0, instance:com.cenfotec.e2e.tests.AuthPageTest@7e0b85f9]" started-at="2026-08-10T17:35:11 CST" name="setUp" finished-at="2026-08-10T17:35:12 CST" duration-ms="660" status="PASS">
          <reporter-output>
          </reporter-output>
        </test-method> <!-- setUp -->
        <test-method signature="loginConCredencialesInvalidas(java.lang.String,java.lang.String)[pri:0, instance:com.cenfotec.e2e.tests.AuthPageTest@7e0b85f9]" started-at="2026-08-10T17:35:12 CST" name="loginConCredencialesInvalidas" data-provider="loginData" finished-at="2026-08-10T17:35:13 CST" duration-ms="771" status="PASS">
          <params>
            <param index="0">
              <value>
                <![CDATA[correo@prueba.com]]>
              </value>
            </param>
            <param index="1">
              <value>
                <![CDATA[abcdef]]>
              </value>
            </param>
          </params>
          <reporter-output>
          </reporter-output>
        </test-method> <!-- loginConCredencialesInvalidas -->
        <test-method is-config="true" signature="tearDown()[pri:0, instance:com.cenfotec.e2e.tests.AuthPageTest@7e0b85f9]" started-at="2026-08-10T17:35:13 CST" name="tearDown" finished-at="2026-08-10T17:35:15 CST" duration-ms="1635" status="PASS">
          <reporter-output>
          </reporter-output>
        </test-method> <!-- tearDown -->
        <test-method is-config="true" signature="setUp()[pri:0, instance:com.cenfotec.e2e.tests.AuthPageTest@7e0b85f9]" started-at="2026-08-10T17:35:15 CST" name="setUp" finished-at="2026-08-10T17:35:15 CST" duration-ms="649" status="PASS">
          <reporter-output>
          </reporter-output>
        </test-method> <!-- setUp -->
        <test-method signature="loginConCredencialesInvalidas(java.lang.String,java.lang.String)[pri:0, instance:com.cenfotec.e2e.tests.AuthPageTest@7e0b85f9]" started-at="2026-08-10T17:35:15 CST" name="loginConCredencialesInvalidas" data-provider="loginData" finished-at="2026-08-10T17:35:16 CST" duration-ms="834" status="PASS">
          <params>
            <param index="0">
              <value>
                <![CDATA[test@cenfotec.ac.cr]]>
              </value>
            </param>
            <param index="1">
              <value>
                <![CDATA[password123]]>
              </value>
            </param>
          </params>
          <reporter-output>
          </reporter-output>
        </test-method> <!-- loginConCredencialesInvalidas -->
        <test-method is-config="true" signature="tearDown()[pri:0, instance:com.cenfotec.e2e.tests.AuthPageTest@7e0b85f9]" started-at="2026-08-10T17:35:16 CST" name="tearDown" finished-at="2026-08-10T17:35:18 CST" duration-ms="1643" status="PASS">
          <reporter-output>
          </reporter-output>
        </test-method> <!-- tearDown -->
        <test-method is-config="true" signature="setUp()[pri:0, instance:com.cenfotec.e2e.tests.AuthPageTest@7e0b85f9]" started-at="2026-08-10T17:35:18 CST" name="setUp" finished-at="2026-08-10T17:35:18 CST" duration-ms="694" status="PASS">
          <reporter-output>
          </reporter-output>
        </test-method> <!-- setUp -->
        <test-method signature="validarCamposObligatoriosLogin()[pri:0, instance:com.cenfotec.e2e.tests.AuthPageTest@7e0b85f9]" started-at="2026-08-10T17:35:18 CST" name="validarCamposObligatoriosLogin" finished-at="2026-08-10T17:35:19 CST" duration-ms="673" status="PASS">
          <reporter-output>
          </reporter-output>
        </test-method> <!-- validarCamposObligatoriosLogin -->
        <test-method is-config="true" signature="tearDown()[pri:0, instance:com.cenfotec.e2e.tests.AuthPageTest@7e0b85f9]" started-at="2026-08-10T17:35:19 CST" name="tearDown" finished-at="2026-08-10T17:35:21 CST" duration-ms="1667" status="PASS">
          <reporter-output>
          </reporter-output>
        </test-method> <!-- tearDown -->
      </class> <!-- com.cenfotec.e2e.tests.AuthPageTest -->
      <class name="com.cenfotec.e2e.tests.ShopPageTest">
        <test-method is-config="true" signature="setUp()[pri:0, instance:com.cenfotec.e2e.tests.ShopPageTest@1700915]" started-at="2026-08-10T17:35:51 CST" name="setUp" finished-at="2026-08-10T17:35:51 CST" duration-ms="641" status="PASS">
          <reporter-output>
          </reporter-output>
        </test-method> <!-- setUp -->
        <test-method signature="abrirProductoSuperlight()[pri:0, instance:com.cenfotec.e2e.tests.ShopPageTest@1700915]" started-at="2026-08-10T17:35:51 CST" name="abrirProductoSuperlight" finished-at="2026-08-10T17:35:52 CST" duration-ms="767" status="PASS">
          <reporter-output>
          </reporter-output>
        </test-method> <!-- abrirProductoSuperlight -->
        <test-method is-config="true" signature="tearDown()[pri:0, instance:com.cenfotec.e2e.tests.ShopPageTest@1700915]" started-at="2026-08-10T17:35:52 CST" name="tearDown" finished-at="2026-08-10T17:35:54 CST" duration-ms="1666" status="PASS">
          <reporter-output>
          </reporter-output>
        </test-method> <!-- tearDown -->
        <test-method is-config="true" signature="setUp()[pri:0, instance:com.cenfotec.e2e.tests.ShopPageTest@1700915]" started-at="2026-08-10T17:35:54 CST" name="setUp" finished-at="2026-08-10T17:35:54 CST" duration-ms="665" status="PASS">
          <reporter-output>
          </reporter-output>
        </test-method> <!-- setUp -->
        <test-method signature="filtrarProductosInalambricos()[pri:0, instance:com.cenfotec.e2e.tests.ShopPageTest@1700915]" started-at="2026-08-10T17:35:54 CST" name="filtrarProductosInalambricos" finished-at="2026-08-10T17:35:56 CST" duration-ms="1848" status="PASS">
          <reporter-output>
          </reporter-output>
        </test-method> <!-- filtrarProductosInalambricos -->
        <test-method is-config="true" signature="tearDown()[pri:0, instance:com.cenfotec.e2e.tests.ShopPageTest@1700915]" started-at="2026-08-10T17:35:56 CST" name="tearDown" finished-at="2026-08-10T17:35:58 CST" duration-ms="1648" status="PASS">
          <reporter-output>
          </reporter-output>
        </test-method> <!-- tearDown -->
        <test-method is-config="true" signature="setUp()[pri:0, instance:com.cenfotec.e2e.tests.ShopPageTest@1700915]" started-at="2026-08-10T17:35:58 CST" name="setUp" finished-at="2026-08-10T17:35:59 CST" duration-ms="667" status="PASS">
          <reporter-output>
          </reporter-output>
        </test-method> <!-- setUp -->
        <test-method signature="validarCantidadDeProductos()[pri:0, instance:com.cenfotec.e2e.tests.ShopPageTest@1700915]" started-at="2026-08-10T17:35:59 CST" name="validarCantidadDeProductos" finished-at="2026-08-10T17:35:59 CST" duration-ms="674" status="PASS">
          <reporter-output>
          </reporter-output>
        </test-method> <!-- validarCantidadDeProductos -->
        <test-method is-config="true" signature="tearDown()[pri:0, instance:com.cenfotec.e2e.tests.ShopPageTest@1700915]" started-at="2026-08-10T17:35:59 CST" name="tearDown" finished-at="2026-08-10T17:36:01 CST" duration-ms="1648" status="PASS">
          <reporter-output>
          </reporter-output>
        </test-method> <!-- tearDown -->
      </class> <!-- com.cenfotec.e2e.tests.ShopPageTest -->
      <class name="com.cenfotec.e2e.tests.ChromeTest">
        <test-method is-config="true" signature="setUp()[pri:0, instance:com.cenfotec.e2e.tests.ChromeTest@9353778]" started-at="2026-08-10T17:35:30 CST" name="setUp" finished-at="2026-08-10T17:35:30 CST" duration-ms="661" status="PASS">
          <reporter-output>
          </reporter-output>
        </test-method> <!-- setUp -->
        <test-method signature="abrirChrome()[pri:0, instance:com.cenfotec.e2e.tests.ChromeTest@9353778]" started-at="2026-08-10T17:35:30 CST" name="abrirChrome" finished-at="2026-08-10T17:35:31 CST" duration-ms="570" status="PASS">
          <reporter-output>
          </reporter-output>
        </test-method> <!-- abrirChrome -->
        <test-method is-config="true" signature="tearDown()[pri:0, instance:com.cenfotec.e2e.tests.ChromeTest@9353778]" started-at="2026-08-10T17:35:31 CST" name="tearDown" finished-at="2026-08-10T17:35:33 CST" duration-ms="1651" status="PASS">
          <reporter-output>
          </reporter-output>
        </test-method> <!-- tearDown -->
      </class> <!-- com.cenfotec.e2e.tests.ChromeTest -->
    </test> <!-- Surefire test -->
  </suite> <!-- Surefire suite -->
</testng-results>
