<?xml version="1.0" encoding="UTF-8"?>
<testsuite xmlns:xsi="http://www.w3.org/2001/XMLSchema-instance" xsi:noNamespaceSchemaLocation="https://maven.apache.org/surefire/maven-surefire-plugin/xsd/surefire-test-report.xsd" version="3.0.2" name="TestSuite" time="60.176" tests="22" errors="0" skipped="0" failures="0">
  <properties>
[...]
</properties>
  <testcase name="loginPanelShouldBeVisibleByDefault" classname="com.cenfotec.e2e.tests.AuthPageTest" time="0.028">
    <system-out><![CDATA[
==========================================
INICIANDO SUITE: Surefire test
==========================================

[CONFIG] config.properties cargado correctamente
[SETUP] Navegador iniciado: chrome
▶ Ejecutando: loginPanelShouldBeVisibleByDefault
]]></system-out>
    <system-err><![CDATA[SLF4J(W): No SLF4J providers were found.
SLF4J(W): Defaulting to no-operation (NOP) logger implementation
SLF4J(W): See https://www.slf4j.org/codes.html#noProviders for further details.
ago. 10, 2026 10:39:15 P. M. org.openqa.selenium.devtools.CdpVersionFinder findNearestMatch
ADVERTENCIA: Unable to find an exact match for CDP version 151, returning the closest version; found: 150; Please update to a Selenium version that supports CDP version 151
]]></system-err>
  </testcase>
  <testcase name="shouldLoginWithValidCredentials" classname="com.cenfotec.e2e.tests.AuthPageTest" time="0.241">
    <system-out><![CDATA[✓ PASÓ: loginPanelShouldBeVisibleByDefault
[TEARDOWN] Navegador cerrado.
[CONFIG] config.properties cargado correctamente
[SETUP] Navegador iniciado: chrome
▶ Ejecutando: shouldLoginWithValidCredentials
]]></system-out>
    <system-err><![CDATA[ago. 10, 2026 10:39:18 P. M. org.openqa.selenium.devtools.CdpVersionFinder findNearestMatch
ADVERTENCIA: Unable to find an exact match for CDP version 151, returning the closest version; found: 150; Please update to a Selenium version that supports CDP version 151
]]></system-err>
  </testcase>
  <testcase name="shouldOpenRegisterTab" classname="com.cenfotec.e2e.tests.AuthPageTest" time="0.06">
    <system-out><![CDATA[✓ PASÓ: shouldLoginWithValidCredentials
[TEARDOWN] Navegador cerrado.
[CONFIG] config.properties cargado correctamente
[SETUP] Navegador iniciado: chrome
▶ Ejecutando: shouldOpenRegisterTab
]]></system-out>
    <system-err><![CDATA[ago. 10, 2026 10:39:20 P. M. org.openqa.selenium.devtools.CdpVersionFinder findNearestMatch
ADVERTENCIA: Unable to find an exact match for CDP version 151, returning the closest version; found: 150; Please update to a Selenium version that supports CDP version 151
]]></system-err>
  </testcase>
  <testcase name="shouldRegisterNewUser" classname="com.cenfotec.e2e.tests.AuthPageTest" time="0.436">
    <system-out><![CDATA[✓ PASÓ: shouldOpenRegisterTab
[TEARDOWN] Navegador cerrado.
[CONFIG] config.properties cargado correctamente
[SETUP] Navegador iniciado: chrome
▶ Ejecutando: shouldRegisterNewUser
]]></system-out>
    <system-err><![CDATA[ago. 10, 2026 10:39:23 P. M. org.openqa.selenium.devtools.CdpVersionFinder findNearestMatch
ADVERTENCIA: Unable to find an exact match for CDP version 151, returning the closest version; found: 150; Please update to a Selenium version that supports CDP version 151
]]></system-err>
  </testcase>
  <testcase name="shouldRejectInvalidLogin" classname="com.cenfotec.e2e.tests.AuthPageTest" time="0.165">
    <system-out><![CDATA[✓ PASÓ: shouldRegisterNewUser
[TEARDOWN] Navegador cerrado.
[CONFIG] config.properties cargado correctamente
[SETUP] Navegador iniciado: chrome
▶ Ejecutando: shouldRejectInvalidLogin
]]></system-out>
    <system-err><![CDATA[ago. 10, 2026 10:39:26 P. M. org.openqa.selenium.devtools.CdpVersionFinder findNearestMatch
ADVERTENCIA: Unable to find an exact match for CDP version 151, returning the closest version; found: 150; Please update to a Selenium version that supports CDP version 151
]]></system-err>
  </testcase>
  <testcase name="shouldToggleLoginPasswordVisibility" classname="com.cenfotec.e2e.tests.AuthPageTest" time="0.104">
    <system-out><![CDATA[✓ PASÓ: shouldRejectInvalidLogin
[TEARDOWN] Navegador cerrado.
[CONFIG] config.properties cargado correctamente
[SETUP] Navegador iniciado: chrome
▶ Ejecutando: shouldToggleLoginPasswordVisibility
]]></system-out>
    <system-err><![CDATA[ago. 10, 2026 10:39:28 P. M. org.openqa.selenium.devtools.CdpVersionFinder findNearestMatch
ADVERTENCIA: Unable to find an exact match for CDP version 151, returning the closest version; found: 150; Please update to a Selenium version that supports CDP version 151
]]></system-err>
  </testcase>
  <testcase name="checkoutShouldCompletePurchase" classname="com.cenfotec.e2e.tests.CartPageTest" time="0.779">
    <system-out><![CDATA[✓ PASÓ: shouldToggleLoginPasswordVisibility
[TEARDOWN] Navegador cerrado.
[CONFIG] config.properties cargado correctamente
[SETUP] Navegador iniciado: chrome
▶ Ejecutando: checkoutShouldCompletePurchase
]]></system-out>
    <system-err><![CDATA[ago. 10, 2026 10:39:31 P. M. org.openqa.selenium.devtools.CdpVersionFinder findNearestMatch
ADVERTENCIA: Unable to find an exact match for CDP version 151, returning the closest version; found: 150; Please update to a Selenium version that supports CDP version 151
]]></system-err>
  </testcase>
  <testcase name="chromeShouldOpenTeknovation" classname="com.cenfotec.e2e.tests.ChromeTest" time="0.649">
    <system-out><![CDATA[✓ PASÓ: checkoutShouldCompletePurchase
[TEARDOWN] Navegador cerrado.
[CONFIG] config.properties cargado correctamente
[SETUP] Navegador iniciado: chrome
▶ Ejecutando: chromeShouldOpenTeknovation
]]></system-out>
    <system-err><![CDATA[ago. 10, 2026 10:39:35 P. M. org.openqa.selenium.devtools.CdpVersionFinder findNearestMatch
ADVERTENCIA: Unable to find an exact match for CDP version 151, returning the closest version; found: 150; Please update to a Selenium version that supports CDP version 151
]]></system-err>
  </testcase>
  <testcase name="favoritesShouldOpen" classname="com.cenfotec.e2e.tests.HomePageTest" time="0.083">
    <system-out><![CDATA[✓ PASÓ: chromeShouldOpenTeknovation
[TEARDOWN] Navegador cerrado.
[CONFIG] config.properties cargado correctamente
[SETUP] Navegador iniciado: chrome
▶ Ejecutando: favoritesShouldOpen
]]></system-out>
    <system-err><![CDATA[ago. 10, 2026 10:39:37 P. M. org.openqa.selenium.devtools.CdpVersionFinder findNearestMatch
ADVERTENCIA: Unable to find an exact match for CDP version 151, returning the closest version; found: 150; Please update to a Selenium version that supports CDP version 151
]]></system-err>
  </testcase>
  <testcase name="heroShouldBeVisible" classname="com.cenfotec.e2e.tests.HomePageTest" time="0.027">
    <system-out><![CDATA[✓ PASÓ: favoritesShouldOpen
[TEARDOWN] Navegador cerrado.
[CONFIG] config.properties cargado correctamente
[SETUP] Navegador iniciado: chrome
▶ Ejecutando: heroShouldBeVisible
]]></system-out>
    <system-err><![CDATA[ago. 10, 2026 10:39:40 P. M. org.openqa.selenium.devtools.CdpVersionFinder findNearestMatch
ADVERTENCIA: Unable to find an exact match for CDP version 151, returning the closest version; found: 150; Please update to a Selenium version that supports CDP version 151
]]></system-err>
  </testcase>
  <testcase name="homePageShouldLoad" classname="com.cenfotec.e2e.tests.HomePageTest" time="0.025">
    <system-out><![CDATA[✓ PASÓ: heroShouldBeVisible
[TEARDOWN] Navegador cerrado.
[CONFIG] config.properties cargado correctamente
[SETUP] Navegador iniciado: chrome
▶ Ejecutando: homePageShouldLoad
]]></system-out>
    <system-err><![CDATA[ago. 10, 2026 10:39:42 P. M. org.openqa.selenium.devtools.CdpVersionFinder findNearestMatch
ADVERTENCIA: Unable to find an exact match for CDP version 151, returning the closest version; found: 150; Please update to a Selenium version that supports CDP version 151
]]></system-err>
  </testcase>
  <testcase name="searchShouldFindProduct" classname="com.cenfotec.e2e.tests.HomePageTest" time="0.145">
    <system-out><![CDATA[✓ PASÓ: homePageShouldLoad
[TEARDOWN] Navegador cerrado.
[CONFIG] config.properties cargado correctamente
[SETUP] Navegador iniciado: chrome
▶ Ejecutando: searchShouldFindProduct
]]></system-out>
    <system-err><![CDATA[ago. 10, 2026 10:39:45 P. M. org.openqa.selenium.devtools.CdpVersionFinder findNearestMatch
ADVERTENCIA: Unable to find an exact match for CDP version 151, returning the closest version; found: 150; Please update to a Selenium version that supports CDP version 151
]]></system-err>
  </testcase>
  <testcase name="shopNavigationShouldWork" classname="com.cenfotec.e2e.tests.HomePageTest" time="0.107">
    <system-out><![CDATA[✓ PASÓ: searchShouldFindProduct
[TEARDOWN] Navegador cerrado.
[CONFIG] config.properties cargado correctamente
[SETUP] Navegador iniciado: chrome
▶ Ejecutando: shopNavigationShouldWork
]]></system-out>
    <system-err><![CDATA[ago. 10, 2026 10:39:47 P. M. org.openqa.selenium.devtools.CdpVersionFinder findNearestMatch
ADVERTENCIA: Unable to find an exact match for CDP version 151, returning the closest version; found: 150; Please update to a Selenium version that supports CDP version 151
]]></system-err>
  </testcase>
  <testcase name="addToCartShouldUpdateHeader" classname="com.cenfotec.e2e.tests.ProductPageTest" time="0.077">
    <system-out><![CDATA[✓ PASÓ: shopNavigationShouldWork
[TEARDOWN] Navegador cerrado.
[CONFIG] config.properties cargado correctamente
[SETUP] Navegador iniciado: chrome
▶ Ejecutando: addToCartShouldUpdateHeader
]]></system-out>
    <system-err><![CDATA[ago. 10, 2026 10:39:50 P. M. org.openqa.selenium.devtools.CdpVersionFinder findNearestMatch
ADVERTENCIA: Unable to find an exact match for CDP version 151, returning the closest version; found: 150; Please update to a Selenium version that supports CDP version 151
]]></system-err>
  </testcase>
  <testcase name="productShouldLoad" classname="com.cenfotec.e2e.tests.ProductPageTest" time="0.066">
    <system-out><![CDATA[✓ PASÓ: addToCartShouldUpdateHeader
[TEARDOWN] Navegador cerrado.
[CONFIG] config.properties cargado correctamente
[SETUP] Navegador iniciado: chrome
▶ Ejecutando: productShouldLoad
]]></system-out>
    <system-err><![CDATA[ago. 10, 2026 10:39:53 P. M. org.openqa.selenium.devtools.CdpVersionFinder findNearestMatch
ADVERTENCIA: Unable to find an exact match for CDP version 151, returning the closest version; found: 150; Please update to a Selenium version that supports CDP version 151
]]></system-err>
  </testcase>
  <testcase name="quantityShouldIncrease" classname="com.cenfotec.e2e.tests.ProductPageTest" time="0.087">
    <system-out><![CDATA[✓ PASÓ: productShouldLoad
[TEARDOWN] Navegador cerrado.
[CONFIG] config.properties cargado correctamente
[SETUP] Navegador iniciado: chrome
▶ Ejecutando: quantityShouldIncrease
]]></system-out>
    <system-err><![CDATA[ago. 10, 2026 10:39:56 P. M. org.openqa.selenium.devtools.CdpVersionFinder findNearestMatch
ADVERTENCIA: Unable to find an exact match for CDP version 151, returning the closest version; found: 150; Please update to a Selenium version that supports CDP version 151
]]></system-err>
  </testcase>
  <testcase name="shopShouldDisplayProducts" classname="com.cenfotec.e2e.tests.ShopPageTest" time="0.013">
    <system-out><![CDATA[✓ PASÓ: quantityShouldIncrease
[TEARDOWN] Navegador cerrado.
[CONFIG] config.properties cargado correctamente
[SETUP] Navegador iniciado: chrome
▶ Ejecutando: shopShouldDisplayProducts
]]></system-out>
    <system-err><![CDATA[ago. 10, 2026 10:39:59 P. M. org.openqa.selenium.devtools.CdpVersionFinder findNearestMatch
ADVERTENCIA: Unable to find an exact match for CDP version 151, returning the closest version; found: 150; Please update to a Selenium version that supports CDP version 151
]]></system-err>
  </testcase>
  <testcase name="shouldAddFavorite" classname="com.cenfotec.e2e.tests.ShopPageTest" time="0.083">
    <system-out><![CDATA[✓ PASÓ: shopShouldDisplayProducts
[TEARDOWN] Navegador cerrado.
[CONFIG] config.properties cargado correctamente
[SETUP] Navegador iniciado: chrome
▶ Ejecutando: shouldAddFavorite
]]></system-out>
    <system-err><![CDATA[ago. 10, 2026 10:40:01 P. M. org.openqa.selenium.devtools.CdpVersionFinder findNearestMatch
ADVERTENCIA: Unable to find an exact match for CDP version 151, returning the closest version; found: 150; Please update to a Selenium version that supports CDP version 151
]]></system-err>
  </testcase>
  <testcase name="shouldAddProductToCart" classname="com.cenfotec.e2e.tests.ShopPageTest" time="0.071">
    <system-out><![CDATA[✓ PASÓ: shouldAddFavorite
[TEARDOWN] Navegador cerrado.
[CONFIG] config.properties cargado correctamente
[SETUP] Navegador iniciado: chrome
▶ Ejecutando: shouldAddProductToCart
]]></system-out>
    <system-err><![CDATA[ago. 10, 2026 10:40:04 P. M. org.openqa.selenium.devtools.CdpVersionFinder findNearestMatch
ADVERTENCIA: Unable to find an exact match for CDP version 151, returning the closest version; found: 150; Please update to a Selenium version that supports CDP version 151
]]></system-err>
  </testcase>
  <testcase name="shouldOpenSpecificProduct" classname="com.cenfotec.e2e.tests.ShopPageTest" time="0.137">
    <system-out><![CDATA[✓ PASÓ: shouldAddProductToCart
[TEARDOWN] Navegador cerrado.
[CONFIG] config.properties cargado correctamente
[SETUP] Navegador iniciado: chrome
▶ Ejecutando: shouldOpenSpecificProduct
]]></system-out>
    <system-err><![CDATA[ago. 10, 2026 10:40:06 P. M. org.openqa.selenium.devtools.CdpVersionFinder findNearestMatch
ADVERTENCIA: Unable to find an exact match for CDP version 151, returning the closest version; found: 150; Please update to a Selenium version that supports CDP version 151
]]></system-err>
  </testcase>
  <testcase name="sortingByPriceShouldWork" classname="com.cenfotec.e2e.tests.ShopPageTest" time="0.084">
    <system-out><![CDATA[✓ PASÓ: shouldOpenSpecificProduct
[TEARDOWN] Navegador cerrado.
[CONFIG] config.properties cargado correctamente
[SETUP] Navegador iniciado: chrome
▶ Ejecutando: sortingByPriceShouldWork
]]></system-out>
    <system-err><![CDATA[ago. 10, 2026 10:40:09 P. M. org.openqa.selenium.devtools.CdpVersionFinder findNearestMatch
ADVERTENCIA: Unable to find an exact match for CDP version 151, returning the closest version; found: 150; Please update to a Selenium version that supports CDP version 151
]]></system-err>
  </testcase>
  <testcase name="wirelessFilterShouldWork" classname="com.cenfotec.e2e.tests.ShopPageTest" time="0.066">
    <system-out><![CDATA[✓ PASÓ: sortingByPriceShouldWork
[TEARDOWN] Navegador cerrado.
[CONFIG] config.properties cargado correctamente
[SETUP] Navegador iniciado: chrome
▶ Ejecutando: wirelessFilterShouldWork
]]></system-out>
    <system-err><![CDATA[ago. 10, 2026 10:40:11 P. M. org.openqa.selenium.devtools.CdpVersionFinder findNearestMatch
ADVERTENCIA: Unable to find an exact match for CDP version 151, returning the closest version; found: 150; Please update to a Selenium version that supports CDP version 151
]]></system-err>
  </testcase>
</testsuite>