<?xml version="1.0" encoding="UTF-8"?>
<!-- Generated by org.testng.reporters.JUnitXMLReporter -->
<testsuite ignored="0" hostname="AL3J4NDR0-PC" failures="0" tests="22" name="Surefire test" time="86.231" errors="0" timestamp="2026-08-10T20:52:23 CST">
  <testcase classname="com.cenfotec.e2e.tests.AuthPageTest" name="loginPanelShouldBeVisibleByDefault" time="0.033"/>
  <testcase classname="com.cenfotec.e2e.tests.AuthPageTest" name="shouldLoginWithValidCredentials" time="2.309"/>
  <testcase classname="com.cenfotec.e2e.tests.AuthPageTest" name="shouldOpenRegisterTab" time="0.062"/>
  <testcase classname="com.cenfotec.e2e.tests.AuthPageTest" name="shouldRegisterNewUser" time="0.506"/>
  <testcase classname="com.cenfotec.e2e.tests.AuthPageTest" name="shouldRejectInvalidLogin" time="0.185"/>
  <testcase classname="com.cenfotec.e2e.tests.AuthPageTest" name="shouldToggleLoginPasswordVisibility" time="0.059"/>
  <testcase classname="com.cenfotec.e2e.tests.CartPageTest" name="checkoutShouldCompletePurchase" time="1.314"/>
  <testcase classname="com.cenfotec.e2e.tests.ChromeTest" name="chromeShouldOpenTeknovation" time="0.681"/>
  <testcase classname="com.cenfotec.e2e.tests.HomePageTest" name="favoritesShouldOpen" time="0.075"/>
  <testcase classname="com.cenfotec.e2e.tests.HomePageTest" name="heroShouldBeVisible" time="0.026"/>
  <testcase classname="com.cenfotec.e2e.tests.HomePageTest" name="homePageShouldLoad" time="0.021"/>
  <testcase classname="com.cenfotec.e2e.tests.HomePageTest" name="searchShouldFindProduct" time="0.136"/>
  <testcase classname="com.cenfotec.e2e.tests.HomePageTest" name="shopNavigationShouldWork" time="0.117"/>
  <testcase classname="com.cenfotec.e2e.tests.ProductPageTest" name="addToCartShouldUpdateHeader" time="0.075"/>
  <testcase classname="com.cenfotec.e2e.tests.ProductPageTest" name="productShouldLoad" time="0.056"/>
  <testcase classname="com.cenfotec.e2e.tests.ProductPageTest" name="quantityShouldIncrease" time="0.075"/>
  <testcase classname="com.cenfotec.e2e.tests.ShopPageTest" name="shopShouldDisplayProducts" time="0.022"/>
  <testcase classname="com.cenfotec.e2e.tests.ShopPageTest" name="shouldAddFavorite" time="0.074"/>
  <testcase classname="com.cenfotec.e2e.tests.ShopPageTest" name="shouldAddProductToCart" time="0.078"/>
  <testcase classname="com.cenfotec.e2e.tests.ShopPageTest" name="shouldOpenSpecificProduct" time="0.117"/>
  <testcase classname="com.cenfotec.e2e.tests.ShopPageTest" name="sortingByPriceShouldWork" time="0.084"/>
  <testcase classname="com.cenfotec.e2e.tests.ShopPageTest" name="wirelessFilterShouldWork" time="0.071"/>
</testsuite> <!-- Surefire test -->
