<?xml version="1.0" encoding="UTF-8"?>
<!-- Generated by org.testng.reporters.JUnitXMLReporter -->
<testsuite ignored="0" hostname="AL3J4NDR0-PC" failures="0" tests="18" name="Surefire test" time="56.18" errors="0" timestamp="2026-08-10T17:36:01 CST">
  <testcase classname="com.cenfotec.e2e.tests.AuthPageTest" name="cambiarARegistro" time="0.723"/>
  <testcase classname="com.cenfotec.e2e.tests.AuthPageTest" name="loginConCredencialesInvalidas" time="0.819"/>
  <testcase classname="com.cenfotec.e2e.tests.AuthPageTest" name="loginConCredencialesInvalidas" time="0.771"/>
  <testcase classname="com.cenfotec.e2e.tests.AuthPageTest" name="loginConCredencialesInvalidas" time="0.834"/>
  <testcase classname="com.cenfotec.e2e.tests.AuthPageTest" name="validarCamposObligatoriosLogin" time="0.673"/>
  <testcase classname="com.cenfotec.e2e.tests.CartPageTest" name="navegarDesdeCarritoATienda" time="0.704"/>
  <testcase classname="com.cenfotec.e2e.tests.CartPageTest" name="validarCarritoVacio" time="0.629"/>
  <testcase classname="com.cenfotec.e2e.tests.CartPageTest" name="validarMensajeCarritoVacio" time="0.634"/>
  <testcase classname="com.cenfotec.e2e.tests.ChromeTest" name="abrirChrome" time="0.57"/>
  <testcase classname="com.cenfotec.e2e.tests.HomePageTest" name="abrirProductoDestacado" time="0.725"/>
  <testcase classname="com.cenfotec.e2e.tests.HomePageTest" name="navegarACategoriaMice" time="0.78"/>
  <testcase classname="com.cenfotec.e2e.tests.HomePageTest" name="navegarATienda" time="0.723"/>
  <testcase classname="com.cenfotec.e2e.tests.ProductPageTest" name="incrementarCantidadProducto" time="0.688"/>
  <testcase classname="com.cenfotec.e2e.tests.ProductPageTest" name="seleccionarColorBlanco" time="0.682"/>
  <testcase classname="com.cenfotec.e2e.tests.ProductPageTest" name="validarInformacionDelProducto" time="0.656"/>
  <testcase classname="com.cenfotec.e2e.tests.ShopPageTest" name="abrirProductoSuperlight" time="0.767"/>
  <testcase classname="com.cenfotec.e2e.tests.ShopPageTest" name="filtrarProductosInalambricos" time="1.848"/>
  <testcase classname="com.cenfotec.e2e.tests.ShopPageTest" name="validarCantidadDeProductos" time="0.674"/>
</testsuite> <!-- Surefire test -->
