<?xml version="1.0" encoding="UTF-8"?>
<!-- Generated by org.testng.reporters.JUnitReportReporter -->
<testsuite hostname="AL3J4NDR0-PC" failures="0" tests="3" name="com.cenfotec.e2e.tests.ProductPageTest" time="8.491" errors="0" timestamp="2026-08-10T22:40:14 CST" skipped="0">
  <testcase classname="com.cenfotec.e2e.tests.ProductPageTest" name="addToCartShouldUpdateHeader" time="2.469"/>
  <testcase classname="com.cenfotec.e2e.tests.ProductPageTest" name="quantityShouldIncrease" time="3.548"/>
  <testcase classname="com.cenfotec.e2e.tests.ProductPageTest" name="productShouldLoad" time="2.474"/>
</testsuite> <!-- com.cenfotec.e2e.tests.ProductPageTest -->
