<?xml version="1.0" encoding="UTF-8"?>
<!-- Generated by org.testng.reporters.JUnitReportReporter -->
<testsuite hostname="AL3J4NDR0-PC" failures="0" tests="6" name="com.cenfotec.e2e.tests.ShopPageTest" time="21.684" errors="0" timestamp="2026-08-10T21:00:59 CST" skipped="0">
  <testcase classname="com.cenfotec.e2e.tests.ShopPageTest" name="shouldAddProductToCart" time="3.577"/>
  <testcase classname="com.cenfotec.e2e.tests.ShopPageTest" name="wirelessFilterShouldWork" time="3.578"/>
  <testcase classname="com.cenfotec.e2e.tests.ShopPageTest" name="shopShouldDisplayProducts" time="3.725"/>
  <testcase classname="com.cenfotec.e2e.tests.ShopPageTest" name="shouldOpenSpecificProduct" time="3.619"/>
  <testcase classname="com.cenfotec.e2e.tests.ShopPageTest" name="sortingByPriceShouldWork" time="3.616"/>
  <testcase classname="com.cenfotec.e2e.tests.ShopPageTest" name="shouldAddFavorite" time="3.569"/>
</testsuite> <!-- com.cenfotec.e2e.tests.ShopPageTest -->
