<?xml version="1.0" encoding="UTF-8"?>
<!-- Generated by org.testng.reporters.JUnitReportReporter -->
<testsuite hostname="AL3J4NDR0-PC" failures="0" tests="3" name="com.cenfotec.e2e.tests.CartPageTest" time="8.987" errors="0" timestamp="2026-08-10T17:36:01 CST" skipped="0">
  <testcase classname="com.cenfotec.e2e.tests.CartPageTest" name="validarCarritoVacio" time="2.985"/>
  <testcase classname="com.cenfotec.e2e.tests.CartPageTest" name="navegarDesdeCarritoATienda" time="3.040"/>
  <testcase classname="com.cenfotec.e2e.tests.CartPageTest" name="validarMensajeCarritoVacio" time="2.962"/>
</testsuite> <!-- com.cenfotec.e2e.tests.CartPageTest -->
