<?xml version="1.0" encoding="UTF-8"?>
<!-- Generated by org.testng.reporters.JUnitReportReporter -->
<testsuite hostname="AL3J4NDR0-PC" failures="0" tests="6" name="com.cenfotec.e2e.tests.AuthPageTest" time="15.939" errors="0" timestamp="2026-08-10T22:40:14 CST" skipped="0">
  <testcase classname="com.cenfotec.e2e.tests.AuthPageTest" name="shouldRejectInvalidLogin" time="2.625"/>
  <testcase classname="com.cenfotec.e2e.tests.AuthPageTest" name="shouldToggleLoginPasswordVisibility" time="2.512"/>
  <testcase classname="com.cenfotec.e2e.tests.AuthPageTest" name="shouldOpenRegisterTab" time="2.460"/>
  <testcase classname="com.cenfotec.e2e.tests.AuthPageTest" name="loginPanelShouldBeVisibleByDefault" time="2.828"/>
  <testcase classname="com.cenfotec.e2e.tests.AuthPageTest" name="shouldRegisterNewUser" time="2.857"/>
  <testcase classname="com.cenfotec.e2e.tests.AuthPageTest" name="shouldLoginWithValidCredentials" time="2.657"/>
</testsuite> <!-- com.cenfotec.e2e.tests.AuthPageTest -->
