<?xml version="1.0" encoding="UTF-8"?>
<!-- Generated by org.testng.reporters.JUnitReportReporter -->
<testsuite hostname="AL3J4NDR0-PC" failures="0" tests="3" name="com.cenfotec.e2e.tests.HomePageTest" time="9.135" errors="0" timestamp="2026-08-10T17:36:01 CST" skipped="0">
  <testcase classname="com.cenfotec.e2e.tests.HomePageTest" name="abrirProductoDestacado" time="3.027"/>
  <testcase classname="com.cenfotec.e2e.tests.HomePageTest" name="navegarATienda" time="3.021"/>
  <testcase classname="com.cenfotec.e2e.tests.HomePageTest" name="navegarACategoriaMice" time="3.087"/>
</testsuite> <!-- com.cenfotec.e2e.tests.HomePageTest -->
