<?xml version="1.0" encoding="UTF-8"?>
<!-- Generated by org.testng.reporters.JUnitReportReporter -->
<testsuite hostname="AL3J4NDR0-PC" failures="0" tests="5" name="com.cenfotec.e2e.tests.HomePageTest" time="12.752" errors="0" timestamp="2026-08-10T22:40:14 CST" skipped="0">
  <testcase classname="com.cenfotec.e2e.tests.HomePageTest" name="searchShouldFindProduct" time="2.625"/>
  <testcase classname="com.cenfotec.e2e.tests.HomePageTest" name="homePageShouldLoad" time="2.424"/>
  <testcase classname="com.cenfotec.e2e.tests.HomePageTest" name="heroShouldBeVisible" time="2.453"/>
  <testcase classname="com.cenfotec.e2e.tests.HomePageTest" name="favoritesShouldOpen" time="2.541"/>
  <testcase classname="com.cenfotec.e2e.tests.HomePageTest" name="shopNavigationShouldWork" time="2.709"/>
</testsuite> <!-- com.cenfotec.e2e.tests.HomePageTest -->
