<?xml version="1.0" encoding="UTF-8"?>
<!-- Generated by org.testng.reporters.JUnitReportReporter -->
<testsuite hostname="AL3J4NDR0-PC" failures="0" tests="6" name="com.cenfotec.e2e.tests.AuthPageTest" time="24.658" errors="0" timestamp="2026-08-10T20:52:23 CST" skipped="0">
  <testcase classname="com.cenfotec.e2e.tests.AuthPageTest" name="loginPanelShouldBeVisibleByDefault" time="3.537"/>
  <testcase classname="com.cenfotec.e2e.tests.AuthPageTest" name="shouldRegisterNewUser" time="4.043"/>
  <testcase classname="com.cenfotec.e2e.tests.AuthPageTest" name="shouldRejectInvalidLogin" time="4.063"/>
  <testcase classname="com.cenfotec.e2e.tests.AuthPageTest" name="shouldToggleLoginPasswordVisibility" time="3.611"/>
  <testcase classname="com.cenfotec.e2e.tests.AuthPageTest" name="shouldLoginWithValidCredentials" time="5.829"/>
  <testcase classname="com.cenfotec.e2e.tests.AuthPageTest" name="shouldOpenRegisterTab" time="3.575"/>
</testsuite> <!-- com.cenfotec.e2e.tests.AuthPageTest -->
