<?xml version="1.0" encoding="UTF-8"?>
<!-- Generated by org.testng.reporters.JUnitReportReporter -->
<testsuite hostname="AL3J4NDR0-PC" failures="0" tests="3" name="com.cenfotec.e2e.tests.ShopPageTest" time="10.224" errors="0" timestamp="2026-08-10T17:36:01 CST" skipped="0">
  <testcase classname="com.cenfotec.e2e.tests.ShopPageTest" name="filtrarProductosInalambricos" time="4.163"/>
  <testcase classname="com.cenfotec.e2e.tests.ShopPageTest" name="abrirProductoSuperlight" time="3.098"/>
  <testcase classname="com.cenfotec.e2e.tests.ShopPageTest" name="validarCantidadDeProductos" time="2.963"/>
</testsuite> <!-- com.cenfotec.e2e.tests.ShopPageTest -->
