<?xml version="1.0" encoding="UTF-8"?>
<!-- Generated by org.testng.reporters.JUnitReportReporter -->
<testsuite hostname="AL3J4NDR0-PC" failures="0" tests="3" name="com.cenfotec.e2e.tests.ProductPageTest" time="10.747" errors="0" timestamp="2026-08-10T21:00:59 CST" skipped="0">
  <testcase classname="com.cenfotec.e2e.tests.ProductPageTest" name="addToCartShouldUpdateHeader" time="3.609"/>
  <testcase classname="com.cenfotec.e2e.tests.ProductPageTest" name="quantityShouldIncrease" time="3.597"/>
  <testcase classname="com.cenfotec.e2e.tests.ProductPageTest" name="productShouldLoad" time="3.541"/>
</testsuite> <!-- com.cenfotec.e2e.tests.ProductPageTest -->
